[SysLog] [DEBUG] [2019-04-25 14:08:53] [com.yuan.server.rabbmitmq.Handler.handler(Handler.java:29)] : 服务端执行：saveServerDirectory
[SysLog] [DEBUG] [2019-04-25 14:08:54] [com.yuan.server.rabbmitmq.Handler.handler(Handler.java:29)] : 服务端执行：saveServerDirectory
[SysLog] [DEBUG] [2019-04-25 14:14:38] [com.yuan.server.rabbmitmq.Handler.handler(Handler.java:29)] : 服务端执行：saveServerDirectory
[SysLog] [DEBUG] [2019-04-25 14:14:54] [com.yuan.server.rabbmitmq.Handler.handler(Handler.java:29)] : 服务端执行：saveServerDirectory
[SysLog] [DEBUG] [2019-04-25 14:17:08] [com.yuan.server.rabbmitmq.Handler.handler(Handler.java:29)] : 服务端执行：saveServerDirectory
[SysLog] [ERROR] [2019-04-25 15:46:06] [com.yuan.server.rabbmitmq.Handler.handler(Handler.java:34)] : No bean named 'saveServerDirectory' available
org.springframework.beans.factory.NoSuchBeanDefinitionException: No bean named 'saveServerDirectory' available
	at org.springframework.beans.factory.support.DefaultListableBeanFactory.getBeanDefinition(DefaultListableBeanFactory.java:775)
	at org.springframework.beans.factory.support.AbstractBeanFactory.getMergedLocalBeanDefinition(AbstractBeanFactory.java:1221)
	at org.springframework.beans.factory.support.AbstractBeanFactory.doGetBean(AbstractBeanFactory.java:294)
	at org.springframework.beans.factory.support.AbstractBeanFactory.getBean(AbstractBeanFactory.java:199)
	at org.springframework.context.support.AbstractApplicationContext.getBean(AbstractApplicationContext.java:1105)
	at com.yuan.server.rabbmitmq.Handler.handler(Handler.java:28)
	at sun.reflect.NativeMethodAccessorImpl.invoke0(Native Method)
	at sun.reflect.NativeMethodAccessorImpl.invoke(NativeMethodAccessorImpl.java:62)
	at sun.reflect.DelegatingMethodAccessorImpl.invoke(DelegatingMethodAccessorImpl.java:43)
	at java.lang.reflect.Method.invoke(Method.java:498)
	at org.springframework.messaging.handler.invocation.InvocableHandlerMethod.doInvoke(InvocableHandlerMethod.java:170)
	at org.springframework.messaging.handler.invocation.InvocableHandlerMethod.invoke(InvocableHandlerMethod.java:120)
	at org.springframework.amqp.rabbit.listener.adapter.HandlerAdapter.invoke(HandlerAdapter.java:49)
	at org.springframework.amqp.rabbit.listener.adapter.MessagingMessageListenerAdapter.invokeHandler(MessagingMessageListenerAdapter.java:190)
	at org.springframework.amqp.rabbit.listener.adapter.MessagingMessageListenerAdapter.onMessage(MessagingMessageListenerAdapter.java:127)
	at org.springframework.amqp.rabbit.listener.AbstractMessageListenerContainer.doInvokeListener(AbstractMessageListenerContainer.java:1552)
	at org.springframework.amqp.rabbit.listener.AbstractMessageListenerContainer.actualInvokeListener(AbstractMessageListenerContainer.java:1478)
	at org.springframework.amqp.rabbit.listener.AbstractMessageListenerContainer.invokeListener(AbstractMessageListenerContainer.java:1466)
	at org.springframework.amqp.rabbit.listener.AbstractMessageListenerContainer.doExecuteListener(AbstractMessageListenerContainer.java:1461)
	at org.springframework.amqp.rabbit.listener.AbstractMessageListenerContainer.executeListener(AbstractMessageListenerContainer.java:1410)
	at org.springframework.amqp.rabbit.listener.SimpleMessageListenerContainer.doReceiveAndExecute(SimpleMessageListenerContainer.java:870)
	at org.springframework.amqp.rabbit.listener.SimpleMessageListenerContainer.receiveAndExecute(SimpleMessageListenerContainer.java:854)
	at org.springframework.amqp.rabbit.listener.SimpleMessageListenerContainer.access$1600(SimpleMessageListenerContainer.java:78)
	at org.springframework.amqp.rabbit.listener.SimpleMessageListenerContainer$AsyncMessageProcessingConsumer.mainLoop(SimpleMessageListenerContainer.java:1137)
	at org.springframework.amqp.rabbit.listener.SimpleMessageListenerContainer$AsyncMessageProcessingConsumer.run(SimpleMessageListenerContainer.java:1043)
	at java.lang.Thread.run(Thread.java:748)
[SysLog] [ERROR] [2019-04-25 15:46:09] [com.yuan.server.rabbmitmq.Handler.handler(Handler.java:34)] : No bean named 'saveServerDirectory' available
org.springframework.beans.factory.NoSuchBeanDefinitionException: No bean named 'saveServerDirectory' available
	at org.springframework.beans.factory.support.DefaultListableBeanFactory.getBeanDefinition(DefaultListableBeanFactory.java:775)
	at org.springframework.beans.factory.support.AbstractBeanFactory.getMergedLocalBeanDefinition(AbstractBeanFactory.java:1221)
	at org.springframework.beans.factory.support.AbstractBeanFactory.doGetBean(AbstractBeanFactory.java:294)
	at org.springframework.beans.factory.support.AbstractBeanFactory.getBean(AbstractBeanFactory.java:199)
	at org.springframework.context.support.AbstractApplicationContext.getBean(AbstractApplicationContext.java:1105)
	at com.yuan.server.rabbmitmq.Handler.handler(Handler.java:28)
	at sun.reflect.NativeMethodAccessorImpl.invoke0(Native Method)
	at sun.reflect.NativeMethodAccessorImpl.invoke(NativeMethodAccessorImpl.java:62)
	at sun.reflect.DelegatingMethodAccessorImpl.invoke(DelegatingMethodAccessorImpl.java:43)
	at java.lang.reflect.Method.invoke(Method.java:498)
	at org.springframework.messaging.handler.invocation.InvocableHandlerMethod.doInvoke(InvocableHandlerMethod.java:170)
	at org.springframework.messaging.handler.invocation.InvocableHandlerMethod.invoke(InvocableHandlerMethod.java:120)
	at org.springframework.amqp.rabbit.listener.adapter.HandlerAdapter.invoke(HandlerAdapter.java:49)
	at org.springframework.amqp.rabbit.listener.adapter.MessagingMessageListenerAdapter.invokeHandler(MessagingMessageListenerAdapter.java:190)
	at org.springframework.amqp.rabbit.listener.adapter.MessagingMessageListenerAdapter.onMessage(MessagingMessageListenerAdapter.java:127)
	at org.springframework.amqp.rabbit.listener.AbstractMessageListenerContainer.doInvokeListener(AbstractMessageListenerContainer.java:1552)
	at org.springframework.amqp.rabbit.listener.AbstractMessageListenerContainer.actualInvokeListener(AbstractMessageListenerContainer.java:1478)
	at org.springframework.amqp.rabbit.listener.AbstractMessageListenerContainer.invokeListener(AbstractMessageListenerContainer.java:1466)
	at org.springframework.amqp.rabbit.listener.AbstractMessageListenerContainer.doExecuteListener(AbstractMessageListenerContainer.java:1461)
	at org.springframework.amqp.rabbit.listener.AbstractMessageListenerContainer.executeListener(AbstractMessageListenerContainer.java:1410)
	at org.springframework.amqp.rabbit.listener.SimpleMessageListenerContainer.doReceiveAndExecute(SimpleMessageListenerContainer.java:870)
	at org.springframework.amqp.rabbit.listener.SimpleMessageListenerContainer.receiveAndExecute(SimpleMessageListenerContainer.java:854)
	at org.springframework.amqp.rabbit.listener.SimpleMessageListenerContainer.access$1600(SimpleMessageListenerContainer.java:78)
	at org.springframework.amqp.rabbit.listener.SimpleMessageListenerContainer$AsyncMessageProcessingConsumer.mainLoop(SimpleMessageListenerContainer.java:1137)
	at org.springframework.amqp.rabbit.listener.SimpleMessageListenerContainer$AsyncMessageProcessingConsumer.run(SimpleMessageListenerContainer.java:1043)
	at java.lang.Thread.run(Thread.java:748)
[SysLog] [DEBUG] [2019-04-25 15:47:18] [com.yuan.server.rabbmitmq.Handler.handler(Handler.java:29)] : 服务端执行：saveServerRootDirectory
[SysLog] [ERROR] [2019-04-25 15:47:18] [com.yuan.server.rabbmitmq.Handler.handler(Handler.java:34)] : 'object' is an array. Use JSONArray instead
net.sf.json.JSONException: 'object' is an array. Use JSONArray instead
	at net.sf.json.JSONObject.fromObject(JSONObject.java:170)
	at net.sf.json.JSONObject.fromObject(JSONObject.java:134)
	at com.yuan.server.command.SaveServerRootDirectory.exec(SaveServerRootDirectory.java:27)
	at com.yuan.server.rabbmitmq.Handler.handler(Handler.java:31)
	at sun.reflect.NativeMethodAccessorImpl.invoke0(Native Method)
	at sun.reflect.NativeMethodAccessorImpl.invoke(NativeMethodAccessorImpl.java:62)
	at sun.reflect.DelegatingMethodAccessorImpl.invoke(DelegatingMethodAccessorImpl.java:43)
	at java.lang.reflect.Method.invoke(Method.java:498)
	at org.springframework.messaging.handler.invocation.InvocableHandlerMethod.doInvoke(InvocableHandlerMethod.java:170)
	at org.springframework.messaging.handler.invocation.InvocableHandlerMethod.invoke(InvocableHandlerMethod.java:120)
	at org.springframework.amqp.rabbit.listener.adapter.HandlerAdapter.invoke(HandlerAdapter.java:49)
	at org.springframework.amqp.rabbit.listener.adapter.MessagingMessageListenerAdapter.invokeHandler(MessagingMessageListenerAdapter.java:190)
	at org.springframework.amqp.rabbit.listener.adapter.MessagingMessageListenerAdapter.onMessage(MessagingMessageListenerAdapter.java:127)
	at org.springframework.amqp.rabbit.listener.AbstractMessageListenerContainer.doInvokeListener(AbstractMessageListenerContainer.java:1552)
	at org.springframework.amqp.rabbit.listener.AbstractMessageListenerContainer.actualInvokeListener(AbstractMessageListenerContainer.java:1478)
	at org.springframework.amqp.rabbit.listener.AbstractMessageListenerContainer.invokeListener(AbstractMessageListenerContainer.java:1466)
	at org.springframework.amqp.rabbit.listener.AbstractMessageListenerContainer.doExecuteListener(AbstractMessageListenerContainer.java:1461)
	at org.springframework.amqp.rabbit.listener.AbstractMessageListenerContainer.executeListener(AbstractMessageListenerContainer.java:1410)
	at org.springframework.amqp.rabbit.listener.SimpleMessageListenerContainer.doReceiveAndExecute(SimpleMessageListenerContainer.java:870)
	at org.springframework.amqp.rabbit.listener.SimpleMessageListenerContainer.receiveAndExecute(SimpleMessageListenerContainer.java:854)
	at org.springframework.amqp.rabbit.listener.SimpleMessageListenerContainer.access$1600(SimpleMessageListenerContainer.java:78)
	at org.springframework.amqp.rabbit.listener.SimpleMessageListenerContainer$AsyncMessageProcessingConsumer.mainLoop(SimpleMessageListenerContainer.java:1137)
	at org.springframework.amqp.rabbit.listener.SimpleMessageListenerContainer$AsyncMessageProcessingConsumer.run(SimpleMessageListenerContainer.java:1043)
	at java.lang.Thread.run(Thread.java:748)
[SysLog] [DEBUG] [2019-04-25 15:48:15] [com.yuan.server.rabbmitmq.Handler.handler(Handler.java:29)] : 服务端执行：saveServerRootDirectory
[SysLog] [DEBUG] [2019-04-25 15:48:15] [com.yuan.server.command.SaveServerRootDirectory.exec(SaveServerRootDirectory.java:27)] : saveServerRootDirectory=====exec======object为[{"rootDirectory":[{"name":"系统(C:)","path":"C:/"},{"name":"软件(D:)","path":"D:/"},{"name":"资料(E:)","path":"E:/"},{"name":"workspace(F:)","path":"F:/"},{"name":"其他(G:)","path":"G:/"}]}]
[SysLog] [DEBUG] [2019-04-25 15:50:00] [com.yuan.server.rabbmitmq.Handler.handler(Handler.java:29)] : 服务端执行：saveServerRootDirectory
[SysLog] [DEBUG] [2019-04-25 15:50:00] [com.yuan.server.command.SaveServerRootDirectory.exec(SaveServerRootDirectory.java:27)] : saveServerRootDirectory=====exec======object为["5cc05bbb14d74b3c88acabae",{"rootDirectory":[{"name":"系统(C:)","path":"C:/"},{"name":"软件(D:)","path":"D:/"},{"name":"资料(E:)","path":"E:/"},{"name":"workspace(F:)","path":"F:/"},{"name":"其他(G:)","path":"G:/"}]}]
[SysLog] [DEBUG] [2019-04-25 15:50:09] [com.yuan.server.rabbmitmq.Handler.handler(Handler.java:29)] : 服务端执行：saveServerRootDirectory
[SysLog] [DEBUG] [2019-04-25 15:50:09] [com.yuan.server.command.SaveServerRootDirectory.exec(SaveServerRootDirectory.java:27)] : saveServerRootDirectory=====exec======object为["5cc05bbb14d74b3c88acabae",{"rootDirectory":[{"name":"系统(C:)","path":"C:/"},{"name":"软件(D:)","path":"D:/"},{"name":"资料(E:)","path":"E:/"},{"name":"workspace(F:)","path":"F:/"},{"name":"其他(G:)","path":"G:/"}]}]
[SysLog] [DEBUG] [2019-04-25 15:50:30] [com.yuan.server.rabbmitmq.Handler.handler(Handler.java:29)] : 服务端执行：saveServerRootDirectory
[SysLog] [DEBUG] [2019-04-25 15:50:30] [com.yuan.server.command.SaveServerRootDirectory.exec(SaveServerRootDirectory.java:27)] : saveServerRootDirectory=====exec======object为["5cc05bbb14d74b3c88acabae",{"rootDirectory":[{"name":"系统(C:)","path":"C:/"},{"name":"软件(D:)","path":"D:/"},{"name":"资料(E:)","path":"E:/"},{"name":"workspace(F:)","path":"F:/"},{"name":"其他(G:)","path":"G:/"}]}]
[SysLog] [DEBUG] [2019-04-25 15:58:22] [com.yuan.server.rabbmitmq.Handler.handler(Handler.java:29)] : 服务端执行：saveServerRootDirectory
[SysLog] [DEBUG] [2019-04-25 15:58:22] [com.yuan.server.command.SaveServerRootDirectory.exec(SaveServerRootDirectory.java:27)] : saveServerRootDirectory=====exec======object为["5cc05bbb14d74b3c88acabae",{"rootDirectory":[{"name":"系统(C:)","path":"C:/"},{"name":"软件(D:)","path":"D:/"},{"name":"资料(E:)","path":"E:/"},{"name":"workspace(F:)","path":"F:/"},{"name":"其他(G:)","path":"G:/"}]}]
[SysLog] [DEBUG] [2019-04-25 15:58:28] [com.yuan.server.rabbmitmq.Handler.handler(Handler.java:29)] : 服务端执行：saveServerRootDirectory
[SysLog] [DEBUG] [2019-04-25 15:58:28] [com.yuan.server.command.SaveServerRootDirectory.exec(SaveServerRootDirectory.java:27)] : saveServerRootDirectory=====exec======object为["5cc05bbb14d74b3c88acabae",{"rootDirectory":[{"name":"系统(C:)","path":"C:/"},{"name":"软件(D:)","path":"D:/"},{"name":"资料(E:)","path":"E:/"},{"name":"workspace(F:)","path":"F:/"},{"name":"其他(G:)","path":"G:/"}]}]
[SysLog] [DEBUG] [2019-04-25 15:58:29] [com.yuan.server.rabbmitmq.Handler.handler(Handler.java:29)] : 服务端执行：saveServerRootDirectory
[SysLog] [DEBUG] [2019-04-25 15:58:29] [com.yuan.server.command.SaveServerRootDirectory.exec(SaveServerRootDirectory.java:27)] : saveServerRootDirectory=====exec======object为["5cc05bbb14d74b3c88acabae",{"rootDirectory":[{"name":"系统(C:)","path":"C:/"},{"name":"软件(D:)","path":"D:/"},{"name":"资料(E:)","path":"E:/"},{"name":"workspace(F:)","path":"F:/"},{"name":"其他(G:)","path":"G:/"}]}]
[SysLog] [DEBUG] [2019-04-25 15:59:53] [com.yuan.server.rabbmitmq.Handler.handler(Handler.java:29)] : 服务端执行：saveServerRootDirectory
[SysLog] [DEBUG] [2019-04-25 15:59:53] [com.yuan.server.command.SaveServerRootDirectory.exec(SaveServerRootDirectory.java:27)] : saveServerRootDirectory=====exec======object为["5cc05bbb14d74b3c88acabae",{"rootDirectory":[{"name":"系统(C:)","path":"C:/"},{"name":"软件(D:)","path":"D:/"},{"name":"资料(E:)","path":"E:/"},{"name":"workspace(F:)","path":"F:/"},{"name":"其他(G:)","path":"G:/"}]}]
[SysLog] [DEBUG] [2019-04-25 16:13:27] [com.yuan.server.rabbmitmq.Handler.handler(Handler.java:29)] : 服务端执行：saveServerRootDirectory
[SysLog] [DEBUG] [2019-04-25 16:13:27] [com.yuan.server.command.SaveServerRootDirectory.exec(SaveServerRootDirectory.java:27)] : saveServerRootDirectory=====exec======object为["5cc05bbb14d74b3c88acabae",{"rootDirectory":[{"name":"系统(C:)","path":"C:/"},{"name":"软件(D:)","path":"D:/"},{"name":"资料(E:)","path":"E:/"},{"name":"workspace(F:)","path":"F:/"},{"name":"其他(G:)","path":"G:/"}]}]
[SysLog] [DEBUG] [2019-04-25 16:13:41] [com.yuan.server.rabbmitmq.Handler.handler(Handler.java:29)] : 服务端执行：saveServerRootDirectory
[SysLog] [DEBUG] [2019-04-25 16:13:41] [com.yuan.server.command.SaveServerRootDirectory.exec(SaveServerRootDirectory.java:27)] : saveServerRootDirectory=====exec======object为["5cc05bbb14d74b3c88acabae",{"rootDirectory":[{"name":"系统(C:)","path":"C:/"},{"name":"软件(D:)","path":"D:/"},{"name":"资料(E:)","path":"E:/"},{"name":"workspace(F:)","path":"F:/"},{"name":"其他(G:)","path":"G:/"}]}]
[SysLog] [DEBUG] [2019-04-25 16:13:43] [com.yuan.server.rabbmitmq.Handler.handler(Handler.java:29)] : 服务端执行：saveServerRootDirectory
[SysLog] [DEBUG] [2019-04-25 16:13:43] [com.yuan.server.command.SaveServerRootDirectory.exec(SaveServerRootDirectory.java:27)] : saveServerRootDirectory=====exec======object为["5cc05bbb14d74b3c88acabae",{"rootDirectory":[{"name":"系统(C:)","path":"C:/"},{"name":"软件(D:)","path":"D:/"},{"name":"资料(E:)","path":"E:/"},{"name":"workspace(F:)","path":"F:/"},{"name":"其他(G:)","path":"G:/"}]}]
[SysLog] [DEBUG] [2019-04-25 16:13:44] [com.yuan.server.rabbmitmq.Handler.handler(Handler.java:29)] : 服务端执行：saveServerRootDirectory
[SysLog] [DEBUG] [2019-04-25 16:13:44] [com.yuan.server.command.SaveServerRootDirectory.exec(SaveServerRootDirectory.java:27)] : saveServerRootDirectory=====exec======object为["5cc05bbb14d74b3c88acabae",{"rootDirectory":[{"name":"系统(C:)","path":"C:/"},{"name":"软件(D:)","path":"D:/"},{"name":"资料(E:)","path":"E:/"},{"name":"workspace(F:)","path":"F:/"},{"name":"其他(G:)","path":"G:/"}]}]
[SysLog] [DEBUG] [2019-04-25 16:28:42] [com.yuan.server.rabbmitmq.Handler.handler(Handler.java:29)] : 服务端执行：saveServerRootDirectory
[SysLog] [DEBUG] [2019-04-25 16:28:42] [com.yuan.server.command.SaveServerRootDirectory.exec(SaveServerRootDirectory.java:27)] : saveServerRootDirectory=====exec======object为["5cc05bbb14d74b3c88acabae",{"rootDirectory":[{"name":"系统(C:)","path":"C:/"},{"name":"软件(D:)","path":"D:/"},{"name":"资料(E:)","path":"E:/"},{"name":"workspace(F:)","path":"F:/"},{"name":"其他(G:)","path":"G:/"}]}]
[SysLog] [DEBUG] [2019-04-25 16:28:44] [com.yuan.server.rabbmitmq.Handler.handler(Handler.java:29)] : 服务端执行：saveServerRootDirectory
[SysLog] [DEBUG] [2019-04-25 16:28:44] [com.yuan.server.command.SaveServerRootDirectory.exec(SaveServerRootDirectory.java:27)] : saveServerRootDirectory=====exec======object为["5cc05bbb14d74b3c88acabae",{"rootDirectory":[{"name":"系统(C:)","path":"C:/"},{"name":"软件(D:)","path":"D:/"},{"name":"资料(E:)","path":"E:/"},{"name":"workspace(F:)","path":"F:/"},{"name":"其他(G:)","path":"G:/"}]}]
[SysLog] [DEBUG] [2019-04-25 16:29:00] [com.yuan.server.rabbmitmq.Handler.handler(Handler.java:29)] : 服务端执行：saveServerDirectoryAndFile
[SysLog] [DEBUG] [2019-04-25 16:29:00] [com.yuan.server.command.SaveServerDirectoryAndFile.exec(SaveServerDirectoryAndFile.java:33)] : SaveServerDirectoryAndFile=====exec======object为["5cc05bbb14d74b3c88acabae",{"directoryList":[{"name":"$360Section","path":"C:\\$360Section","fpath":"C:/","isDirectory":true},{"name":"$Recycle.Bin","path":"C:\\$Recycle.Bin","fpath":"C:/","isDirectory":true},{"name":"360SANDBOX","path":"C:\\360SANDBOX","fpath":"C:/","isDirectory":true},{"name":"AMTAG.BIN","path":"C:\\AMTAG.BIN","fpath":"C:/","isDirectory":false},{"name":"Config.Msi","path":"C:\\Config.Msi","fpath":"C:/","isDirectory":true},{"name":"devlist.txt","path":"C:\\devlist.txt","fpath":"C:/","isDirectory":false},{"name":"Documents and Settings","path":"C:\\Documents and Settings","fpath":"C:/","isDirectory":true},{"name":"eSupport","path":"C:\\eSupport","fpath":"C:/","isDirectory":true},{"name":"Finish.log","path":"C:\\Finish.log","fpath":"C:/","isDirectory":false},{"name":"hiberfil.sys","path":"C:\\hiberfil.sys","fpath":"C:/","isDirectory":false},{"name":"Intel","path":"C:\\Intel","fpath":"C:/","isDirectory":true},{"name":"Kingsoft","path":"C:\\Kingsoft","fpath":"C:/","isDirectory":true},{"name":"NVIDIA","path":"C:\\NVIDIA","fpath":"C:/","isDirectory":true},{"name":"pagefile.sys","path":"C:\\pagefile.sys","fpath":"C:/","isDirectory":false},{"name":"PerfLogs","path":"C:\\PerfLogs","fpath":"C:/","isDirectory":true},{"name":"Program Files","path":"C:\\Program Files","fpath":"C:/","isDirectory":true},{"name":"Program Files (x86)","path":"C:\\Program Files (x86)","fpath":"C:/","isDirectory":true},{"name":"ProgramData","path":"C:\\ProgramData","fpath":"C:/","isDirectory":true},{"name":"Recovery","path":"C:\\Recovery","fpath":"C:/","isDirectory":true},{"name":"SangforServiceClient.dmp","path":"C:\\SangforServiceClient.dmp","fpath":"C:/","isDirectory":false},{"name":"SangforServiceClient_2018912.log","path":"C:\\SangforServiceClient_2018912.log","fpath":"C:/","isDirectory":false},{"name":"swapfile.sys","path":"C:\\swapfile.sys","fpath":"C:/","isDirectory":false},{"name":"System Volume Information","path":"C:\\System Volume Information","fpath":"C:/","isDirectory":true},{"name":"Users","path":"C:\\Users","fpath":"C:/","isDirectory":true},{"name":"Windows","path":"C:\\Windows","fpath":"C:/","isDirectory":true}]}]
[SysLog] [DEBUG] [2019-04-25 16:29:01] [com.yuan.server.rabbmitmq.Handler.handler(Handler.java:29)] : 服务端执行：saveServerDirectoryAndFile
[SysLog] [DEBUG] [2019-04-25 16:29:01] [com.yuan.server.command.SaveServerDirectoryAndFile.exec(SaveServerDirectoryAndFile.java:33)] : SaveServerDirectoryAndFile=====exec======object为["5cc05bbb14d74b3c88acabae",{"directoryList":[{"name":"$360Section","path":"C:\\$360Section","fpath":"C:/","isDirectory":true},{"name":"$Recycle.Bin","path":"C:\\$Recycle.Bin","fpath":"C:/","isDirectory":true},{"name":"360SANDBOX","path":"C:\\360SANDBOX","fpath":"C:/","isDirectory":true},{"name":"AMTAG.BIN","path":"C:\\AMTAG.BIN","fpath":"C:/","isDirectory":false},{"name":"Config.Msi","path":"C:\\Config.Msi","fpath":"C:/","isDirectory":true},{"name":"devlist.txt","path":"C:\\devlist.txt","fpath":"C:/","isDirectory":false},{"name":"Documents and Settings","path":"C:\\Documents and Settings","fpath":"C:/","isDirectory":true},{"name":"eSupport","path":"C:\\eSupport","fpath":"C:/","isDirectory":true},{"name":"Finish.log","path":"C:\\Finish.log","fpath":"C:/","isDirectory":false},{"name":"hiberfil.sys","path":"C:\\hiberfil.sys","fpath":"C:/","isDirectory":false},{"name":"Intel","path":"C:\\Intel","fpath":"C:/","isDirectory":true},{"name":"Kingsoft","path":"C:\\Kingsoft","fpath":"C:/","isDirectory":true},{"name":"NVIDIA","path":"C:\\NVIDIA","fpath":"C:/","isDirectory":true},{"name":"pagefile.sys","path":"C:\\pagefile.sys","fpath":"C:/","isDirectory":false},{"name":"PerfLogs","path":"C:\\PerfLogs","fpath":"C:/","isDirectory":true},{"name":"Program Files","path":"C:\\Program Files","fpath":"C:/","isDirectory":true},{"name":"Program Files (x86)","path":"C:\\Program Files (x86)","fpath":"C:/","isDirectory":true},{"name":"ProgramData","path":"C:\\ProgramData","fpath":"C:/","isDirectory":true},{"name":"Recovery","path":"C:\\Recovery","fpath":"C:/","isDirectory":true},{"name":"SangforServiceClient.dmp","path":"C:\\SangforServiceClient.dmp","fpath":"C:/","isDirectory":false},{"name":"SangforServiceClient_2018912.log","path":"C:\\SangforServiceClient_2018912.log","fpath":"C:/","isDirectory":false},{"name":"swapfile.sys","path":"C:\\swapfile.sys","fpath":"C:/","isDirectory":false},{"name":"System Volume Information","path":"C:\\System Volume Information","fpath":"C:/","isDirectory":true},{"name":"Users","path":"C:\\Users","fpath":"C:/","isDirectory":true},{"name":"Windows","path":"C:\\Windows","fpath":"C:/","isDirectory":true}]}]
[SysLog] [DEBUG] [2019-04-25 16:30:18] [com.yuan.server.rabbmitmq.Handler.handler(Handler.java:29)] : 服务端执行：saveServerRootDirectory
[SysLog] [DEBUG] [2019-04-25 16:30:18] [com.yuan.server.command.SaveServerRootDirectory.exec(SaveServerRootDirectory.java:27)] : saveServerRootDirectory=====exec======object为["5cc05bbb14d74b3c88acabae",{"rootDirectory":[{"name":"系统(C:)","path":"C:/"},{"name":"软件(D:)","path":"D:/"},{"name":"资料(E:)","path":"E:/"},{"name":"workspace(F:)","path":"F:/"},{"name":"其他(G:)","path":"G:/"}]}]
[SysLog] [DEBUG] [2019-04-25 16:32:25] [com.yuan.server.rabbmitmq.Handler.handler(Handler.java:29)] : 服务端执行：saveServerRootDirectory
[SysLog] [DEBUG] [2019-04-25 16:32:25] [com.yuan.server.command.SaveServerRootDirectory.exec(SaveServerRootDirectory.java:27)] : saveServerRootDirectory=====exec======object为["5cc05bbb14d74b3c88acabae",{"rootDirectory":[{"name":"系统(C:)","path":"C:/"},{"name":"软件(D:)","path":"D:/"},{"name":"资料(E:)","path":"E:/"},{"name":"workspace(F:)","path":"F:/"},{"name":"其他(G:)","path":"G:/"}]}]
[SysLog] [DEBUG] [2019-04-25 16:32:31] [com.yuan.server.rabbmitmq.Handler.handler(Handler.java:29)] : 服务端执行：saveServerRootDirectory
[SysLog] [DEBUG] [2019-04-25 16:32:31] [com.yuan.server.command.SaveServerRootDirectory.exec(SaveServerRootDirectory.java:27)] : saveServerRootDirectory=====exec======object为["5cc05bbb14d74b3c88acabae",{"rootDirectory":[{"name":"系统(C:)","path":"C:/"},{"name":"软件(D:)","path":"D:/"},{"name":"资料(E:)","path":"E:/"},{"name":"workspace(F:)","path":"F:/"},{"name":"其他(G:)","path":"G:/"}]}]
[SysLog] [DEBUG] [2019-04-25 16:32:36] [com.yuan.server.rabbmitmq.Handler.handler(Handler.java:29)] : 服务端执行：saveServerDirectoryAndFile
[SysLog] [DEBUG] [2019-04-25 16:32:36] [com.yuan.server.command.SaveServerDirectoryAndFile.exec(SaveServerDirectoryAndFile.java:33)] : SaveServerDirectoryAndFile=====exec======object为["5cc05bbb14d74b3c88acabae",{"directoryList":[{"name":"$RECYCLE.BIN","path":"D:\\$RECYCLE.BIN","fpath":"D:/","isDirectory":true},{"name":"360驱动大师目录","path":"D:\\360驱动大师目录","fpath":"D:/","isDirectory":true},{"name":"BCompare-zh-4.2.6.23150.exe","path":"D:\\BCompare-zh-4.2.6.23150.exe","fpath":"D:/","isDirectory":false},{"name":"Config.ini","path":"D:\\Config.ini","fpath":"D:/","isDirectory":false},{"name":"DriverGenius","path":"D:\\DriverGenius","fpath":"D:/","isDirectory":true},{"name":"GammaSet.exe","path":"D:\\GammaSet.exe","fpath":"D:/","isDirectory":false},{"name":"ideaIU-2018.2.2.exe","path":"D:\\ideaIU-2018.2.2.exe","fpath":"D:/","isDirectory":false},{"name":"jdk-6u45-windows-x64.exe","path":"D:\\jdk-6u45-windows-x64.exe","fpath":"D:/","isDirectory":false},{"name":"jdk-8u181-windows-x64.exe","path":"D:\\jdk-8u181-windows-x64.exe","fpath":"D:/","isDirectory":false},{"name":"KuaiZip_Setup_sem2_606.exe","path":"D:\\KuaiZip_Setup_sem2_606.exe","fpath":"D:/","isDirectory":false},{"name":"PACNPro_6.2.0.0_setup.1456480393.exe","path":"D:\\PACNPro_6.2.0.0_setup.1456480393.exe","fpath":"D:/","isDirectory":false},{"name":"ProgramFiles","path":"D:\\ProgramFiles","fpath":"D:/","isDirectory":true},{"name":"putty_V0.63.0.0.43510830.exe","path":"D:\\putty_V0.63.0.0.43510830.exe","fpath":"D:/","isDirectory":false},{"name":"Recovery","path":"D:\\Recovery","fpath":"D:/","isDirectory":true},{"name":"System Volume Information","path":"D:\\System Volume Information","fpath":"D:/","isDirectory":true},{"name":"ubuntu-18.04-desktop-amd64.iso","path":"D:\\ubuntu-18.04-desktop-amd64.iso","fpath":"D:/","isDirectory":false},{"name":"VMware","path":"D:\\VMware","fpath":"D:/","isDirectory":true},{"name":"VMware-Workstation-12.5.9-7535481精简官方中文安装注册版.exe","path":"D:\\VMware-Workstation-12.5.9-7535481精简官方中文安装注册版.exe","fpath":"D:/","isDirectory":false},{"name":"VM_dev","path":"D:\\VM_dev","fpath":"D:/","isDirectory":true},{"name":"WinSCP.rar","path":"D:\\WinSCP.rar","fpath":"D:/","isDirectory":false}]}]
[SysLog] [DEBUG] [2019-04-25 16:32:38] [com.yuan.server.rabbmitmq.Handler.handler(Handler.java:29)] : 服务端执行：saveServerDirectoryAndFile
[SysLog] [DEBUG] [2019-04-25 16:32:38] [com.yuan.server.command.SaveServerDirectoryAndFile.exec(SaveServerDirectoryAndFile.java:33)] : SaveServerDirectoryAndFile=====exec======object为["5cc05bbb14d74b3c88acabae",{"directoryList":[{"name":"$RECYCLE.BIN","path":"D:\\$RECYCLE.BIN","fpath":"D:/","isDirectory":true},{"name":"360驱动大师目录","path":"D:\\360驱动大师目录","fpath":"D:/","isDirectory":true},{"name":"BCompare-zh-4.2.6.23150.exe","path":"D:\\BCompare-zh-4.2.6.23150.exe","fpath":"D:/","isDirectory":false},{"name":"Config.ini","path":"D:\\Config.ini","fpath":"D:/","isDirectory":false},{"name":"DriverGenius","path":"D:\\DriverGenius","fpath":"D:/","isDirectory":true},{"name":"GammaSet.exe","path":"D:\\GammaSet.exe","fpath":"D:/","isDirectory":false},{"name":"ideaIU-2018.2.2.exe","path":"D:\\ideaIU-2018.2.2.exe","fpath":"D:/","isDirectory":false},{"name":"jdk-6u45-windows-x64.exe","path":"D:\\jdk-6u45-windows-x64.exe","fpath":"D:/","isDirectory":false},{"name":"jdk-8u181-windows-x64.exe","path":"D:\\jdk-8u181-windows-x64.exe","fpath":"D:/","isDirectory":false},{"name":"KuaiZip_Setup_sem2_606.exe","path":"D:\\KuaiZip_Setup_sem2_606.exe","fpath":"D:/","isDirectory":false},{"name":"PACNPro_6.2.0.0_setup.1456480393.exe","path":"D:\\PACNPro_6.2.0.0_setup.1456480393.exe","fpath":"D:/","isDirectory":false},{"name":"ProgramFiles","path":"D:\\ProgramFiles","fpath":"D:/","isDirectory":true},{"name":"putty_V0.63.0.0.43510830.exe","path":"D:\\putty_V0.63.0.0.43510830.exe","fpath":"D:/","isDirectory":false},{"name":"Recovery","path":"D:\\Recovery","fpath":"D:/","isDirectory":true},{"name":"System Volume Information","path":"D:\\System Volume Information","fpath":"D:/","isDirectory":true},{"name":"ubuntu-18.04-desktop-amd64.iso","path":"D:\\ubuntu-18.04-desktop-amd64.iso","fpath":"D:/","isDirectory":false},{"name":"VMware","path":"D:\\VMware","fpath":"D:/","isDirectory":true},{"name":"VMware-Workstation-12.5.9-7535481精简官方中文安装注册版.exe","path":"D:\\VMware-Workstation-12.5.9-7535481精简官方中文安装注册版.exe","fpath":"D:/","isDirectory":false},{"name":"VM_dev","path":"D:\\VM_dev","fpath":"D:/","isDirectory":true},{"name":"WinSCP.rar","path":"D:\\WinSCP.rar","fpath":"D:/","isDirectory":false}]}]
[SysLog] [DEBUG] [2019-04-25 16:32:39] [com.yuan.server.rabbmitmq.Handler.handler(Handler.java:29)] : 服务端执行：saveServerDirectoryAndFile
[SysLog] [DEBUG] [2019-04-25 16:32:39] [com.yuan.server.command.SaveServerDirectoryAndFile.exec(SaveServerDirectoryAndFile.java:33)] : SaveServerDirectoryAndFile=====exec======object为["5cc05bbb14d74b3c88acabae",{"directoryList":[{"name":"$RECYCLE.BIN","path":"D:\\$RECYCLE.BIN","fpath":"D:/","isDirectory":true},{"name":"360驱动大师目录","path":"D:\\360驱动大师目录","fpath":"D:/","isDirectory":true},{"name":"BCompare-zh-4.2.6.23150.exe","path":"D:\\BCompare-zh-4.2.6.23150.exe","fpath":"D:/","isDirectory":false},{"name":"Config.ini","path":"D:\\Config.ini","fpath":"D:/","isDirectory":false},{"name":"DriverGenius","path":"D:\\DriverGenius","fpath":"D:/","isDirectory":true},{"name":"GammaSet.exe","path":"D:\\GammaSet.exe","fpath":"D:/","isDirectory":false},{"name":"ideaIU-2018.2.2.exe","path":"D:\\ideaIU-2018.2.2.exe","fpath":"D:/","isDirectory":false},{"name":"jdk-6u45-windows-x64.exe","path":"D:\\jdk-6u45-windows-x64.exe","fpath":"D:/","isDirectory":false},{"name":"jdk-8u181-windows-x64.exe","path":"D:\\jdk-8u181-windows-x64.exe","fpath":"D:/","isDirectory":false},{"name":"KuaiZip_Setup_sem2_606.exe","path":"D:\\KuaiZip_Setup_sem2_606.exe","fpath":"D:/","isDirectory":false},{"name":"PACNPro_6.2.0.0_setup.1456480393.exe","path":"D:\\PACNPro_6.2.0.0_setup.1456480393.exe","fpath":"D:/","isDirectory":false},{"name":"ProgramFiles","path":"D:\\ProgramFiles","fpath":"D:/","isDirectory":true},{"name":"putty_V0.63.0.0.43510830.exe","path":"D:\\putty_V0.63.0.0.43510830.exe","fpath":"D:/","isDirectory":false},{"name":"Recovery","path":"D:\\Recovery","fpath":"D:/","isDirectory":true},{"name":"System Volume Information","path":"D:\\System Volume Information","fpath":"D:/","isDirectory":true},{"name":"ubuntu-18.04-desktop-amd64.iso","path":"D:\\ubuntu-18.04-desktop-amd64.iso","fpath":"D:/","isDirectory":false},{"name":"VMware","path":"D:\\VMware","fpath":"D:/","isDirectory":true},{"name":"VMware-Workstation-12.5.9-7535481精简官方中文安装注册版.exe","path":"D:\\VMware-Workstation-12.5.9-7535481精简官方中文安装注册版.exe","fpath":"D:/","isDirectory":false},{"name":"VM_dev","path":"D:\\VM_dev","fpath":"D:/","isDirectory":true},{"name":"WinSCP.rar","path":"D:\\WinSCP.rar","fpath":"D:/","isDirectory":false}]}]
[SysLog] [DEBUG] [2019-04-25 16:33:40] [com.yuan.server.rabbmitmq.Handler.handler(Handler.java:29)] : 服务端执行：saveServerRootDirectory
[SysLog] [DEBUG] [2019-04-25 16:33:40] [com.yuan.server.command.SaveServerRootDirectory.exec(SaveServerRootDirectory.java:27)] : saveServerRootDirectory=====exec======object为["5cc05bbb14d74b3c88acabae",{"rootDirectory":[{"name":"系统(C:)","path":"C:/"},{"name":"软件(D:)","path":"D:/"},{"name":"资料(E:)","path":"E:/"},{"name":"workspace(F:)","path":"F:/"},{"name":"其他(G:)","path":"G:/"}]}]
[SysLog] [DEBUG] [2019-04-25 16:33:49] [com.yuan.server.rabbmitmq.Handler.handler(Handler.java:29)] : 服务端执行：saveServerDirectoryAndFile
[SysLog] [DEBUG] [2019-04-25 16:33:49] [com.yuan.server.command.SaveServerDirectoryAndFile.exec(SaveServerDirectoryAndFile.java:33)] : SaveServerDirectoryAndFile=====exec======object为["5cc05bbb14d74b3c88acabae",{"directoryList":[{"name":"360","path":"D:ProgramFiles\\360","fpath":"D:ProgramFiles","isDirectory":true},{"name":"360压缩","path":"D:ProgramFiles\\360压缩","fpath":"D:ProgramFiles","isDirectory":true},{"name":"Anaconda3","path":"D:ProgramFiles\\Anaconda3","fpath":"D:ProgramFiles","isDirectory":true},{"name":"APICloud_Studio_2","path":"D:ProgramFiles\\APICloud_Studio_2","fpath":"D:ProgramFiles","isDirectory":true},{"name":"Axure","path":"D:ProgramFiles\\Axure","fpath":"D:ProgramFiles","isDirectory":true},{"name":"BaiduNetdisk","path":"D:ProgramFiles\\BaiduNetdisk","fpath":"D:ProgramFiles","isDirectory":true},{"name":"BeyondCompare4","path":"D:ProgramFiles\\BeyondCompare4","fpath":"D:ProgramFiles","isDirectory":true},{"name":"CloudMusic","path":"D:ProgramFiles\\CloudMusic","fpath":"D:ProgramFiles","isDirectory":true},{"name":"dw","path":"D:ProgramFiles\\dw","fpath":"D:ProgramFiles","isDirectory":true},{"name":"Everything","path":"D:ProgramFiles\\Everything","fpath":"D:ProgramFiles","isDirectory":true},{"name":"Fiddler","path":"D:ProgramFiles\\Fiddler","fpath":"D:ProgramFiles","isDirectory":true},{"name":"Git","path":"D:ProgramFiles\\Git","fpath":"D:ProgramFiles","isDirectory":true},{"name":"IntelliJ IDEA 2018.2.2","path":"D:ProgramFiles\\IntelliJ IDEA 2018.2.2","fpath":"D:ProgramFiles","isDirectory":true},{"name":"iTools 4","path":"D:ProgramFiles\\iTools 4","fpath":"D:ProgramFiles","isDirectory":true},{"name":"KuGou2012","path":"D:ProgramFiles\\KuGou2012","fpath":"D:ProgramFiles","isDirectory":true},{"name":"MongoVUE 1.5.3","path":"D:ProgramFiles\\MongoVUE 1.5.3","fpath":"D:ProgramFiles","isDirectory":true},{"name":"mysql","path":"D:ProgramFiles\\mysql","fpath":"D:ProgramFiles","isDirectory":true},{"name":"Navicat","path":"D:ProgramFiles\\Navicat","fpath":"D:ProgramFiles","isDirectory":true},{"name":"Navicat for PostgreSQL","path":"D:ProgramFiles\\Navicat for PostgreSQL","fpath":"D:ProgramFiles","isDirectory":true},{"name":"Notepad++","path":"D:ProgramFiles\\Notepad++","fpath":"D:ProgramFiles","isDirectory":true},{"name":"ppt","path":"D:ProgramFiles\\ppt","fpath":"D:ProgramFiles","isDirectory":true},{"name":"PyCharm2018.2.2","path":"D:ProgramFiles\\PyCharm2018.2.2","fpath":"D:ProgramFiles","isDirectory":true},{"name":"Python36","path":"D:ProgramFiles\\Python36","fpath":"D:ProgramFiles","isDirectory":true},{"name":"QQ","path":"D:ProgramFiles\\QQ","fpath":"D:ProgramFiles","isDirectory":true},{"name":"RedisClient","path":"D:ProgramFiles\\RedisClient","fpath":"D:ProgramFiles","isDirectory":true},{"name":"ssh","path":"D:ProgramFiles\\ssh","fpath":"D:ProgramFiles","isDirectory":true},{"name":"Synergy","path":"D:ProgramFiles\\Synergy","fpath":"D:ProgramFiles","isDirectory":true},{"name":"Tencent","path":"D:ProgramFiles\\Tencent","fpath":"D:ProgramFiles","isDirectory":true},{"name":"TortoiseCVS","path":"D:ProgramFiles\\TortoiseCVS","fpath":"D:ProgramFiles","isDirectory":true},{"name":"TortoiseCVS汉化","path":"D:ProgramFiles\\TortoiseCVS汉化","fpath":"D:ProgramFiles","isDirectory":true},{"name":"TortoiseSVN","path":"D:ProgramFiles\\TortoiseSVN","fpath":"D:ProgramFiles","isDirectory":true},{"name":"USMSSO","path":"D:ProgramFiles\\USMSSO","fpath":"D:ProgramFiles","isDirectory":true},{"name":"WinSCP","path":"D:ProgramFiles\\WinSCP","fpath":"D:ProgramFiles","isDirectory":true},{"name":"work-soft","path":"D:ProgramFiles\\work-soft","fpath":"D:ProgramFiles","isDirectory":true},{"name":"WXWork","path":"D:ProgramFiles\\WXWork","fpath":"D:ProgramFiles","isDirectory":true},{"name":"XMind","path":"D:ProgramFiles\\XMind","fpath":"D:ProgramFiles","isDirectory":true},{"name":"xshell6","path":"D:ProgramFiles\\xshell6","fpath":"D:ProgramFiles","isDirectory":true},{"name":"分区助手6.2","path":"D:ProgramFiles\\分区助手6.2","fpath":"D:ProgramFiles","isDirectory":true},{"name":"屏幕保护","path":"D:ProgramFiles\\屏幕保护","fpath":"D:ProgramFiles","isDirectory":true},{"name":"录屏大师","path":"D:ProgramFiles\\录屏大师","fpath":"D:ProgramFiles","isDirectory":true},{"name":"微信","path":"D:ProgramFiles\\微信","fpath":"D:ProgramFiles","isDirectory":true},{"name":"微信web开发者工具","path":"D:ProgramFiles\\微信web开发者工具","fpath":"D:ProgramFiles","isDirectory":true},{"name":"快压","path":"D:ProgramFiles\\快压","fpath":"D:ProgramFiles","isDirectory":true},{"name":"敬业签","path":"D:ProgramFiles\\敬业签","fpath":"D:ProgramFiles","isDirectory":true},{"name":"有道","path":"D:ProgramFiles\\有道","fpath":"D:ProgramFiles","isDirectory":true},{"name":"鲁大师","path":"D:ProgramFiles\\鲁大师","fpath":"D:ProgramFiles","isDirectory":true}]}]
[SysLog] [DEBUG] [2019-04-25 16:33:51] [com.yuan.server.rabbmitmq.Handler.handler(Handler.java:29)] : 服务端执行：saveServerDirectoryAndFile
[SysLog] [DEBUG] [2019-04-25 16:33:51] [com.yuan.server.command.SaveServerDirectoryAndFile.exec(SaveServerDirectoryAndFile.java:33)] : SaveServerDirectoryAndFile=====exec======object为["5cc05bbb14d74b3c88acabae",{"directoryList":[{"name":"360","path":"D:ProgramFiles\\360","fpath":"D:ProgramFiles","isDirectory":true},{"name":"360压缩","path":"D:ProgramFiles\\360压缩","fpath":"D:ProgramFiles","isDirectory":true},{"name":"Anaconda3","path":"D:ProgramFiles\\Anaconda3","fpath":"D:ProgramFiles","isDirectory":true},{"name":"APICloud_Studio_2","path":"D:ProgramFiles\\APICloud_Studio_2","fpath":"D:ProgramFiles","isDirectory":true},{"name":"Axure","path":"D:ProgramFiles\\Axure","fpath":"D:ProgramFiles","isDirectory":true},{"name":"BaiduNetdisk","path":"D:ProgramFiles\\BaiduNetdisk","fpath":"D:ProgramFiles","isDirectory":true},{"name":"BeyondCompare4","path":"D:ProgramFiles\\BeyondCompare4","fpath":"D:ProgramFiles","isDirectory":true},{"name":"CloudMusic","path":"D:ProgramFiles\\CloudMusic","fpath":"D:ProgramFiles","isDirectory":true},{"name":"dw","path":"D:ProgramFiles\\dw","fpath":"D:ProgramFiles","isDirectory":true},{"name":"Everything","path":"D:ProgramFiles\\Everything","fpath":"D:ProgramFiles","isDirectory":true},{"name":"Fiddler","path":"D:ProgramFiles\\Fiddler","fpath":"D:ProgramFiles","isDirectory":true},{"name":"Git","path":"D:ProgramFiles\\Git","fpath":"D:ProgramFiles","isDirectory":true},{"name":"IntelliJ IDEA 2018.2.2","path":"D:ProgramFiles\\IntelliJ IDEA 2018.2.2","fpath":"D:ProgramFiles","isDirectory":true},{"name":"iTools 4","path":"D:ProgramFiles\\iTools 4","fpath":"D:ProgramFiles","isDirectory":true},{"name":"KuGou2012","path":"D:ProgramFiles\\KuGou2012","fpath":"D:ProgramFiles","isDirectory":true},{"name":"MongoVUE 1.5.3","path":"D:ProgramFiles\\MongoVUE 1.5.3","fpath":"D:ProgramFiles","isDirectory":true},{"name":"mysql","path":"D:ProgramFiles\\mysql","fpath":"D:ProgramFiles","isDirectory":true},{"name":"Navicat","path":"D:ProgramFiles\\Navicat","fpath":"D:ProgramFiles","isDirectory":true},{"name":"Navicat for PostgreSQL","path":"D:ProgramFiles\\Navicat for PostgreSQL","fpath":"D:ProgramFiles","isDirectory":true},{"name":"Notepad++","path":"D:ProgramFiles\\Notepad++","fpath":"D:ProgramFiles","isDirectory":true},{"name":"ppt","path":"D:ProgramFiles\\ppt","fpath":"D:ProgramFiles","isDirectory":true},{"name":"PyCharm2018.2.2","path":"D:ProgramFiles\\PyCharm2018.2.2","fpath":"D:ProgramFiles","isDirectory":true},{"name":"Python36","path":"D:ProgramFiles\\Python36","fpath":"D:ProgramFiles","isDirectory":true},{"name":"QQ","path":"D:ProgramFiles\\QQ","fpath":"D:ProgramFiles","isDirectory":true},{"name":"RedisClient","path":"D:ProgramFiles\\RedisClient","fpath":"D:ProgramFiles","isDirectory":true},{"name":"ssh","path":"D:ProgramFiles\\ssh","fpath":"D:ProgramFiles","isDirectory":true},{"name":"Synergy","path":"D:ProgramFiles\\Synergy","fpath":"D:ProgramFiles","isDirectory":true},{"name":"Tencent","path":"D:ProgramFiles\\Tencent","fpath":"D:ProgramFiles","isDirectory":true},{"name":"TortoiseCVS","path":"D:ProgramFiles\\TortoiseCVS","fpath":"D:ProgramFiles","isDirectory":true},{"name":"TortoiseCVS汉化","path":"D:ProgramFiles\\TortoiseCVS汉化","fpath":"D:ProgramFiles","isDirectory":true},{"name":"TortoiseSVN","path":"D:ProgramFiles\\TortoiseSVN","fpath":"D:ProgramFiles","isDirectory":true},{"name":"USMSSO","path":"D:ProgramFiles\\USMSSO","fpath":"D:ProgramFiles","isDirectory":true},{"name":"WinSCP","path":"D:ProgramFiles\\WinSCP","fpath":"D:ProgramFiles","isDirectory":true},{"name":"work-soft","path":"D:ProgramFiles\\work-soft","fpath":"D:ProgramFiles","isDirectory":true},{"name":"WXWork","path":"D:ProgramFiles\\WXWork","fpath":"D:ProgramFiles","isDirectory":true},{"name":"XMind","path":"D:ProgramFiles\\XMind","fpath":"D:ProgramFiles","isDirectory":true},{"name":"xshell6","path":"D:ProgramFiles\\xshell6","fpath":"D:ProgramFiles","isDirectory":true},{"name":"分区助手6.2","path":"D:ProgramFiles\\分区助手6.2","fpath":"D:ProgramFiles","isDirectory":true},{"name":"屏幕保护","path":"D:ProgramFiles\\屏幕保护","fpath":"D:ProgramFiles","isDirectory":true},{"name":"录屏大师","path":"D:ProgramFiles\\录屏大师","fpath":"D:ProgramFiles","isDirectory":true},{"name":"微信","path":"D:ProgramFiles\\微信","fpath":"D:ProgramFiles","isDirectory":true},{"name":"微信web开发者工具","path":"D:ProgramFiles\\微信web开发者工具","fpath":"D:ProgramFiles","isDirectory":true},{"name":"快压","path":"D:ProgramFiles\\快压","fpath":"D:ProgramFiles","isDirectory":true},{"name":"敬业签","path":"D:ProgramFiles\\敬业签","fpath":"D:ProgramFiles","isDirectory":true},{"name":"有道","path":"D:ProgramFiles\\有道","fpath":"D:ProgramFiles","isDirectory":true},{"name":"鲁大师","path":"D:ProgramFiles\\鲁大师","fpath":"D:ProgramFiles","isDirectory":true}]}]
[SysLog] [DEBUG] [2019-04-25 16:34:22] [com.yuan.server.rabbmitmq.Handler.handler(Handler.java:29)] : 服务端执行：saveServerRootDirectory
[SysLog] [DEBUG] [2019-04-25 16:34:22] [com.yuan.server.command.SaveServerRootDirectory.exec(SaveServerRootDirectory.java:27)] : saveServerRootDirectory=====exec======object为["5cc05bbb14d74b3c88acabae",{"rootDirectory":[{"name":"系统(C:)","path":"C:/"},{"name":"软件(D:)","path":"D:/"},{"name":"资料(E:)","path":"E:/"},{"name":"workspace(F:)","path":"F:/"},{"name":"其他(G:)","path":"G:/"}]}]
[SysLog] [DEBUG] [2019-04-25 16:35:21] [com.yuan.server.rabbmitmq.Handler.handler(Handler.java:29)] : 服务端执行：saveServerRootDirectory
[SysLog] [DEBUG] [2019-04-25 16:35:21] [com.yuan.server.command.SaveServerRootDirectory.exec(SaveServerRootDirectory.java:27)] : saveServerRootDirectory=====exec======object为["5cc05bbb14d74b3c88acabae",{"rootDirectory":[{"name":"系统(C:)","path":"C:/"},{"name":"软件(D:)","path":"D:/"},{"name":"资料(E:)","path":"E:/"},{"name":"workspace(F:)","path":"F:/"},{"name":"其他(G:)","path":"G:/"}]}]
[SysLog] [DEBUG] [2019-04-25 16:42:08] [com.yuan.server.rabbmitmq.Handler.handler(Handler.java:29)] : 服务端执行：saveServerRootDirectory
[SysLog] [DEBUG] [2019-04-25 16:42:08] [com.yuan.server.command.SaveServerRootDirectory.exec(SaveServerRootDirectory.java:27)] : saveServerRootDirectory=====exec======object为["5cc05bb714d74b3c88acabad",{"rootDirectory":[{"name":"C:","path":"C:/"},{"name":"软件(E:)","path":"E:/"},{"name":"文档(F:)","path":"F:/"},{"name":"娱乐(G:)","path":"G:/"}]}]
[SysLog] [DEBUG] [2019-04-25 16:42:11] [com.yuan.server.rabbmitmq.Handler.handler(Handler.java:29)] : 服务端执行：saveServerRootDirectory
[SysLog] [DEBUG] [2019-04-25 16:42:11] [com.yuan.server.command.SaveServerRootDirectory.exec(SaveServerRootDirectory.java:27)] : saveServerRootDirectory=====exec======object为["5cc05bb714d74b3c88acabad",{"rootDirectory":[{"name":"C:","path":"C:/"},{"name":"软件(E:)","path":"E:/"},{"name":"文档(F:)","path":"F:/"},{"name":"娱乐(G:)","path":"G:/"}]}]
[SysLog] [DEBUG] [2019-04-25 16:42:21] [com.yuan.server.rabbmitmq.Handler.handler(Handler.java:29)] : 服务端执行：saveServerRootDirectory
[SysLog] [DEBUG] [2019-04-25 16:42:21] [com.yuan.server.command.SaveServerRootDirectory.exec(SaveServerRootDirectory.java:27)] : saveServerRootDirectory=====exec======object为["5cc05bb714d74b3c88acabad",{"rootDirectory":[{"name":"C:","path":"C:/"},{"name":"软件(E:)","path":"E:/"},{"name":"文档(F:)","path":"F:/"},{"name":"娱乐(G:)","path":"G:/"}]}]
